# JRE version: Java(TM) SE Runtime Environment (8.0_65-b17) (build 1.8.0_65-b17)
# Java VM: Java HotSpot(TM) 64-Bit Server VM (25.65-b01 mixed mode windows-amd64 compressed oops)
Heap:
 PSYoungGen      total 394240K, used 392544K [0x00000000d5980000, 0x00000000edc80000, 0x0000000100000000)
  eden space 392192K, 100% used [0x00000000d5980000,0x00000000ed880000,0x00000000ed880000)
  from space 2048K, 17% used [0x00000000ed880000,0x00000000ed8d8000,0x00000000eda80000)
  to   space 2048K, 21% used [0x00000000eda80000,0x00000000edaf0000,0x00000000edc80000)
 ParOldGen       total 87552K, used 2773K [0x0000000080c00000, 0x0000000086180000, 0x00000000d5980000)
  object space 87552K, 3% used [0x0000000080c00000,0x0000000080eb57f0,0x0000000086180000)
 Metaspace       used 10354K, capacity 10576K, committed 10880K, reserved 1058816K
  class space    used 1202K, capacity 1291K, committed 1408K, reserved 1048576K
GC Heap History (10 events):
Event: 48.893 GC heap before
{Heap before GC invocations=33 (full 0):
 PSYoungGen      total 394240K, used 392608K [0x00000000d5980000, 0x00000000edc80000, 0x0000000100000000)
  eden space 392192K, 100% used [0x00000000d5980000,0x00000000ed880000,0x00000000ed880000)
  from space 2048K, 20% used [0x00000000eda80000,0x00000000edae8000,0x00000000edc80000)
  to   space 2048K, 0% used [0x00000000ed880000,0x00000000ed880000,0x00000000eda80000)
 ParOldGen       total 87552K, used 2765K [0x0000000080c00000, 0x0000000086180000, 0x00000000d5980000)
  object space 87552K, 3% used [0x0000000080c00000,0x0000000080eb37f0,0x0000000086180000)
 Metaspace       used 10354K, capacity 10576K, committed 10880K, reserved 1058816K
  class space    used 1202K, capacity 1291K, committed 1408K, reserved 1048576K
Event: 48.896 GC heap after
Heap after GC invocations=33 (full 0):
 PSYoungGen      total 394240K, used 576K [0x00000000d5980000, 0x00000000edc80000, 0x0000000100000000)
  eden space 392192K, 0% used [0x00000000d5980000,0x00000000d5980000,0x00000000ed880000)
  from space 2048K, 28% used [0x00000000ed880000,0x00000000ed910000,0x00000000eda80000)
  to   space 2048K, 0% used [0x00000000eda80000,0x00000000eda80000,0x00000000edc80000)
 ParOldGen       total 87552K, used 2765K [0x0000000080c00000, 0x0000000086180000, 0x00000000d5980000)
  object space 87552K, 3% used [0x0000000080c00000,0x0000000080eb37f0,0x0000000086180000)
 Metaspace       used 10354K, capacity 10576K, committed 10880K, reserved 1058816K
  class space    used 1202K, capacity 1291K, committed 1408K, reserved 1048576K
}
Event: 49.131 GC heap before
{Heap before GC invocations=34 (full 0):
 PSYoungGen      total 394240K, used 392768K [0x00000000d5980000, 0x00000000edc80000, 0x0000000100000000)
  eden space 392192K, 100% used [0x00000000d5980000,0x00000000ed880000,0x00000000ed880000)
  from space 2048K, 28% used [0x00000000ed880000,0x00000000ed910000,0x00000000eda80000)
  to   space 2048K, 0% used [0x00000000eda80000,0x00000000eda80000,0x00000000edc80000)
 ParOldGen       total 87552K, used 2765K [0x0000000080c00000, 0x0000000086180000, 0x00000000d5980000)
  object space 87552K, 3% used [0x0000000080c00000,0x0000000080eb37f0,0x0000000086180000)
 Metaspace       used 10354K, capacity 10576K, committed 10880K, reserved 1058816K
  class space    used 1202K, capacity 1291K, committed 1408K, reserved 1048576K
Event: 49.134 GC heap after
Heap after GC invocations=34 (full 0):
 PSYoungGen      total 394240K, used 448K [0x00000000d5980000, 0x00000000edc80000, 0x0000000100000000)
  eden space 392192K, 0% used [0x00000000d5980000,0x00000000d5980000,0x00000000ed880000)
  from space 2048K, 21% used [0x00000000eda80000,0x00000000edaf0000,0x00000000edc80000)
  to   space 2048K, 0% used [0x00000000ed880000,0x00000000ed880000,0x00000000eda80000)
 ParOldGen       total 87552K, used 2765K [0x0000000080c00000, 0x0000000086180000, 0x00000000d5980000)
  object space 87552K, 3% used [0x0000000080c00000,0x0000000080eb37f0,0x0000000086180000)
 Metaspace       used 10354K, capacity 10576K, committed 10880K, reserved 1058816K
  class space    used 1202K, capacity 1291K, committed 1408K, reserved 1048576K
}
Event: 49.366 GC heap before
{Heap before GC invocations=35 (full 0):
 PSYoungGen      total 394240K, used 392640K [0x00000000d5980000, 0x00000000edc80000, 0x0000000100000000)
  eden space 392192K, 100% used [0x00000000d5980000,0x00000000ed880000,0x00000000ed880000)
  from space 2048K, 21% used [0x00000000eda80000,0x00000000edaf0000,0x00000000edc80000)
  to   space 2048K, 0% used [0x00000000ed880000,0x00000000ed880000,0x00000000eda80000)
 ParOldGen       total 87552K, used 2765K [0x0000000080c00000, 0x0000000086180000, 0x00000000d5980000)
  object space 87552K, 3% used [0x0000000080c00000,0x0000000080eb37f0,0x0000000086180000)
 Metaspace       used 10354K, capacity 10576K, committed 10880K, reserved 1058816K
  class space    used 1202K, capacity 1291K, committed 1408K, reserved 1048576K
Event: 49.369 GC heap after
Heap after GC invocations=35 (full 0):
 PSYoungGen      total 394240K, used 384K [0x00000000d5980000, 0x00000000edc80000, 0x0000000100000000)
  eden space 392192K, 0% used [0x00000000d5980000,0x00000000d5980000,0x00000000ed880000)
  from space 2048K, 18% used [0x00000000ed880000,0x00000000ed8e0000,0x00000000eda80000)
  to   space 2048K, 0% used [0x00000000eda80000,0x00000000eda80000,0x00000000edc80000)
 ParOldGen       total 87552K, used 2765K [0x0000000080c00000, 0x0000000086180000, 0x00000000d5980000)
  object space 87552K, 3% used [0x0000000080c00000,0x0000000080eb37f0,0x0000000086180000)
 Metaspace       used 10354K, capacity 10576K, committed 10880K, reserved 1058816K
  class space    used 1202K, capacity 1291K, committed 1408K, reserved 1048576K
}
Event: 49.622 GC heap before
{Heap before GC invocations=36 (full 0):
 PSYoungGen      total 394240K, used 392576K [0x00000000d5980000, 0x00000000edc80000, 0x0000000100000000)
  eden space 392192K, 100% used [0x00000000d5980000,0x00000000ed880000,0x00000000ed880000)
  from space 2048K, 18% used [0x00000000ed880000,0x00000000ed8e0000,0x00000000eda80000)
  to   space 2048K, 0% used [0x00000000eda80000,0x00000000eda80000,0x00000000edc80000)
 ParOldGen       total 87552K, used 2765K [0x0000000080c00000, 0x0000000086180000, 0x00000000d5980000)
  object space 87552K, 3% used [0x0000000080c00000,0x0000000080eb37f0,0x0000000086180000)
 Metaspace       used 10354K, capacity 10576K, committed 10880K, reserved 1058816K
  class space    used 1202K, capacity 1291K, committed 1408K, reserved 1048576K
Event: 49.624 GC heap after
Heap after GC invocations=36 (full 0):
 PSYoungGen      total 394240K, used 384K [0x00000000d5980000, 0x00000000edc80000, 0x0000000100000000)
  eden space 392192K, 0% used [0x00000000d5980000,0x00000000d5980000,0x00000000ed880000)
  from space 2048K, 18% used [0x00000000eda80000,0x00000000edae0000,0x00000000edc80000)
  to   space 2048K, 0% used [0x00000000ed880000,0x00000000ed880000,0x00000000eda80000)
 ParOldGen       total 87552K, used 2765K [0x0000000080c00000, 0x0000000086180000, 0x00000000d5980000)
  object space 87552K, 3% used [0x0000000080c00000,0x0000000080eb37f0,0x0000000086180000)
 Metaspace       used 10354K, capacity 10576K, committed 10880K, reserved 1058816K
  class space    used 1202K, capacity 1291K, committed 1408K, reserved 1048576K
}
Event: 49.857 GC heap before
{Heap before GC invocations=37 (full 0):
 PSYoungGen      total 394240K, used 392576K [0x00000000d5980000, 0x00000000edc80000, 0x0000000100000000)
  eden space 392192K, 100% used [0x00000000d5980000,0x00000000ed880000,0x00000000ed880000)
  from space 2048K, 18% used [0x00000000eda80000,0x00000000edae0000,0x00000000edc80000)
  to   space 2048K, 0% used [0x00000000ed880000,0x00000000ed880000,0x00000000eda80000)
 ParOldGen       total 87552K, used 2765K [0x0000000080c00000, 0x0000000086180000, 0x00000000d5980000)
  object space 87552K, 3% used [0x0000000080c00000,0x0000000080eb37f0,0x0000000086180000)
 Metaspace       used 10354K, capacity 10576K, committed 10880K, reserved 1058816K
  class space    used 1202K, capacity 1291K, committed 1408K, reserved 1048576K
Event: 49.862 GC heap after
Heap after GC invocations=37 (full 0):
 PSYoungGen      total 394240K, used 352K [0x00000000d5980000, 0x00000000edc80000, 0x0000000100000000)
  eden space 392192K, 0% used [0x00000000d5980000,0x00000000d5980000,0x00000000ed880000)
  from space 2048K, 17% used [0x00000000ed880000,0x00000000ed8d8000,0x00000000eda80000)
  to   space 2048K, 0% used [0x00000000eda80000,0x00000000eda80000,0x00000000edc80000)
 ParOldGen       total 87552K, used 2773K [0x0000000080c00000, 0x0000000086180000, 0x00000000d5980000)
  object space 87552K, 3% used [0x0000000080c00000,0x0000000080eb57f0,0x0000000086180000)
 Metaspace       used 10354K, capacity 10576K, committed 10880K, reserved 1058816K
  class space    used 1202K, capacity 1291K, committed 1408K, reserved 1048576K
}

